No handlers could be found for logger "tornado.application"
No handlers could be found for logger "tornado.application"
Server is started at localhost:8880
Resource received http://cs.odu.edu/
Resource received http://cs.odu.edu/
Resource received http://www.cs.odu.edu/
Resource received http://www.cs.odu.edu/
Resource received http://www.cs.odu.edu/files/style.css
Resource received http://www.cs.odu.edu/files/style.css
Resource received http://www.cs.odu.edu/files/screen.css
Resource received http://www.cs.odu.edu/files/screen.css
Resource received http://www.cs.odu.edu/files/mm_menu.js
Resource received http://www.cs.odu.edu/files/university.js
Resource received http://www.cs.odu.edu/files/easySlider1.7.js
Resource received http://www.cs.odu.edu/files/university.js
Resource received http://www.cs.odu.edu/files/jquery.js
Resource received http://www.cs.odu.edu/files/easySlider1.7.js
Resource received http://www.cs.odu.edu/files/mm_menu.js
Resource received http://www.cs.odu.edu/files/jquery.js
Resource received http://www.cs.odu.edu/files/gfx-logo-odu-crown.gif
Resource received http://www.cs.odu.edu/files/spacer.gif
Resource received http://www.cs.odu.edu/files/spacer.gif
Resource received http://www.cs.odu.edu/files/gfx-btn-go-dblue.gif
Resource received http://www.cs.odu.edu/files/gfx-btn-go-dblue.gif
Resource received http://www.cs.odu.edu/files/gfx-logo-odu-crown.gif
Resource received http://www.cs.odu.edu/files/hmenu_bg_dept1.gif
Resource received http://www.cs.odu.edu/files/hmenu_bg_dept1.gif
Resource received http://www.cs.odu.edu/files/hmenu_college_of_sciences-new.png
Resource received http://www.cs.odu.edu/files/hmenu_college_of_sciences-new.png
Resource received http://www.cs.odu.edu/files/logo-cs.gif
Resource received http://www.cs.odu.edu/files/logo-cs.gif
Resource received http://www.cs.odu.edu/files/lmenu_bg_162.gif
Resource received http://www.cs.odu.edu/files/lmenu_1st_resources.png
Resource received http://www.cs.odu.edu/files/lmenu_bg_162.gif
Resource received http://www.cs.odu.edu/files/lmenu_1st_resources.png
Resource received http://www.cs.odu.edu/files/header-right1.gif
Resource received http://www.cs.odu.edu/files/bullet_blue_triangle.gif
Resource received http://www.cs.odu.edu/files/bullet_blue_triangle.gif
Resource received http://www.cs.odu.edu/images/acm2.jpg
Resource received http://platform.twitter.com/widgets.js
Resource received http://www.cs.odu.edu/images/acm_meeting_spring1.jpg
Resource received http://platform.twitter.com/widgets.js
Resource received http://www.cs.odu.edu/files/header-right1.gif
Resource received http://www.cs.odu.edu/images/JCDL_2015.jpeg
Resource received http://www.cs.odu.edu/images/nikos_slider_1.jpg
Resource received http://www.cs.odu.edu/images/dragas_ps_lab_1.jpg
Resource received http://www.cs.odu.edu/images/acm2.jpg
Resource received http://www.cs.odu.edu/images/group_station_orlab_1.jpg
Resource received http://www.cs.odu.edu/images/acm_meeting_spring1.jpg
Resource received http://www.cs.odu.edu/images/JCDL_2015.jpeg
Resource received http://www.cs.odu.edu/images/dragas_ps_lab_1.jpg
Resource received http://www.cs.odu.edu/images/nikos_slider_1.jpg
Resource received http://www.cs.odu.edu/images/scsc_best_paper_award.jpg
Resource received http://www.cs.odu.edu/images/group_station_orlab_1.jpg
Resource received http://www.cs.odu.edu/files/rmenu_1st_new_user.png
Resource received http://www.cs.odu.edu/files/rmenu_1st_new_user.png
Resource received http://www.cs.odu.edu/files/rmenu_alerts.png
Resource received http://www.cs.odu.edu/files/stop_alert.png
Resource received http://www.cs.odu.edu/files/rmenu_alerts.png
Resource received http://www.cs.odu.edu/files/stop_alert.png
Resource received http://www.cs.odu.edu/images/scsc_best_paper_award.jpg
Resource received http://www.cs.odu.edu/files/rmenu_1st_upcoming_news.png
Resource received http://www.cs.odu.edu/files/rmenu_1st_upcoming_news.png
Resource received http://www.cs.odu.edu/images/lmenu_jobs.png
Resource received http://www.cs.odu.edu/images/lmenu_jobs.png
Resource received http://www.cs.odu.edu/files/rmenu_1st_search.png
Resource received http://www.cs.odu.edu/files/rmenu_1st_search.png
Resource received http://www.cs.odu.edu/files/rmenu_1st_featured_student.png
Resource received http://www.cs.odu.edu/files/rmenu_bg_229.gif
Resource received http://www.cs.odu.edu/files/rmenu_bg_229.gif
Resource received http://www.cs.odu.edu/files/rmenu_bottom_229.gif
Resource received http://www.cs.odu.edu/files/rmenu_bottom_229.gif
Resource received http://www.cs.odu.edu/images/hji.jpg
Resource received http://www.cs.odu.edu/files/rmenu_1st_featured_student.png
Resource received http://www.cs.odu.edu/images/hji.jpg
Resource received http://www.cs.odu.edu/images/muddin.jpg
Resource received http://www.cs.odu.edu/files/rmenu_1st_about.png
Resource received http://www.cs.odu.edu/files/rmenu_1st_about.png
Resource received http://www.cs.odu.edu/files/rmenu_1st_important_dates.png
Resource received http://www.cs.odu.edu/files/rmenu_1st_important_dates.png
Resource received http://www.cs.odu.edu/files/rmenu_1st_research.png
Resource received http://www.cs.odu.edu/files/rmenu_1st_research.png
Resource received http://www.cs.odu.edu/images/facebook.png
Resource received http://www.cs.odu.edu/files/shadow-tr.gif
Resource received http://www.cs.odu.edu/files/shadow-tr.gif
Resource received http://www.cs.odu.edu/images/facebook.png
Resource received http://www.cs.odu.edu/files/shadow-bl.gif
Resource received http://www.cs.odu.edu/files/shadow-r.gif
Resource received http://www.cs.odu.edu/files/shadow-br.gif
Resource received http://www.cs.odu.edu/files/shadow-bl.gif
Resource received http://www.cs.odu.edu/files/shadow-br.gif
Resource received http://www.cs.odu.edu/files/shadow-b.gif
Resource http://www.cs.odu.edu/images/muddin.jpg timeout. 408 Network timeout on resource.
Screenshot is saved in /media/DATA/ERIKA/SummerWork/MementoPediaProject/web-memento-damage/cache/screenshot/cdc1caa29f0c6e7e1ebd3f9e18f3730a.png
HTML source of page is saved in /media/DATA/ERIKA/SummerWork/MementoPediaProject/web-memento-damage/cache/html/cdc1caa29f0c6e7e1ebd3f9e18f3730a.html
Network resources is saved in /media/DATA/ERIKA/SummerWork/MementoPediaProject/web-memento-damage/cache/log/cdc1caa29f0c6e7e1ebd3f9e18f3730a.log
Network resource images is saved in /media/DATA/ERIKA/SummerWork/MementoPediaProject/web-memento-damage/cache/log/cdc1caa29f0c6e7e1ebd3f9e18f3730a.img.log
Network resource csses is saved in /media/DATA/ERIKA/SummerWork/MementoPediaProject/web-memento-damage/cache/log/cdc1caa29f0c6e7e1ebd3f9e18f3730a.css.log
Crawl finished in 15950 miliseconds
{"background_color":"FFFFFF"}
Potential damage 0.250481287638 for http://www.cs.odu.edu/files/spacer.gif
Potential damage 8.39233398438e-05 for http://www.cs.odu.edu/files/spacer.gif
Potential damage 1.78019205729e-05 for http://www.cs.odu.edu/files/spacer.gif
Potential damage 6.35782877604e-07 for http://www.cs.odu.edu/files/spacer.gif
Potential damage 6.35782877604e-07 for http://www.cs.odu.edu/files/spacer.gif
Potential damage 6.35782877604e-07 for http://www.cs.odu.edu/files/spacer.gif
Potential damage 3.17891438802e-06 for http://www.cs.odu.edu/files/spacer.gif
Potential damage 6.35782877604e-07 for http://www.cs.odu.edu/files/spacer.gif
Potential damage 3.17891438802e-06 for http://www.cs.odu.edu/files/spacer.gif
Potential damage 6.35782877604e-06 for http://www.cs.odu.edu/files/spacer.gif
Potential damage 4.45048014323e-06 for http://www.cs.odu.edu/files/spacer.gif
Potential damage 2.54313151042e-06 for http://www.cs.odu.edu/files/spacer.gif
Potential damage 2.54313151042e-06 for http://www.cs.odu.edu/files/spacer.gif
Potential damage 2.54313151042e-06 for http://www.cs.odu.edu/files/spacer.gif
Potential damage 2.54313151042e-06 for http://www.cs.odu.edu/files/spacer.gif
Potential damage 2.54313151042e-06 for http://www.cs.odu.edu/files/spacer.gif
Potential damage 2.54313151042e-06 for http://www.cs.odu.edu/files/spacer.gif
Potential damage 6.35782877604e-06 for http://www.cs.odu.edu/files/spacer.gif
Potential damage 3.17891438802e-06 for http://www.cs.odu.edu/files/spacer.gif
Potential damage 3.17891438802e-06 for http://www.cs.odu.edu/files/spacer.gif
Potential damage 6.35782877604e-06 for http://www.cs.odu.edu/files/spacer.gif
Potential damage 6.35782877604e-06 for http://www.cs.odu.edu/files/spacer.gif
Potential damage 6.35782877604e-06 for http://www.cs.odu.edu/files/spacer.gif
Potential damage 6.35782877604e-06 for http://www.cs.odu.edu/files/spacer.gif
Potential damage 6.35782877604e-06 for http://www.cs.odu.edu/files/spacer.gif
Potential damage 6.35782877604e-06 for http://www.cs.odu.edu/files/spacer.gif
Potential damage 6.35782877604e-06 for http://www.cs.odu.edu/files/spacer.gif
Potential damage 6.35782877604e-06 for http://www.cs.odu.edu/files/spacer.gif
Potential damage 6.35782877604e-06 for http://www.cs.odu.edu/files/spacer.gif
Potential damage 6.35782877604e-06 for http://www.cs.odu.edu/files/spacer.gif
Potential damage 6.35782877604e-07 for http://www.cs.odu.edu/files/spacer.gif
Potential damage 4.45048014323e-06 for http://www.cs.odu.edu/files/spacer.gif
Potential damage 4.45048014323e-06 for http://www.cs.odu.edu/files/spacer.gif
Potential damage 6.35782877604e-07 for http://www.cs.odu.edu/files/spacer.gif
Potential damage 6.35782877604e-07 for http://www.cs.odu.edu/files/spacer.gif
Potential damage 6.35782877604e-05 for http://www.cs.odu.edu/files/bullet_blue_triangle.gif
Potential damage 6.35782877604e-05 for http://www.cs.odu.edu/files/bullet_blue_triangle.gif
Potential damage 6.35782877604e-05 for http://www.cs.odu.edu/files/bullet_blue_triangle.gif
Potential damage 6.35782877604e-05 for http://www.cs.odu.edu/files/bullet_blue_triangle.gif
Potential damage 6.35782877604e-05 for http://www.cs.odu.edu/files/bullet_blue_triangle.gif
Potential damage 6.35782877604e-05 for http://www.cs.odu.edu/files/bullet_blue_triangle.gif
Potential damage 6.35782877604e-05 for http://www.cs.odu.edu/files/bullet_blue_triangle.gif
Potential damage 6.35782877604e-05 for http://www.cs.odu.edu/files/bullet_blue_triangle.gif
Potential damage 6.35782877604e-05 for http://www.cs.odu.edu/files/bullet_blue_triangle.gif
Potential damage 6.35782877604e-05 for http://www.cs.odu.edu/files/bullet_blue_triangle.gif
Potential damage 6.35782877604e-05 for http://www.cs.odu.edu/files/bullet_blue_triangle.gif
Potential damage 6.35782877604e-05 for http://www.cs.odu.edu/files/bullet_blue_triangle.gif
Potential damage 6.35782877604e-05 for http://www.cs.odu.edu/files/bullet_blue_triangle.gif
Potential damage 6.35782877604e-05 for http://www.cs.odu.edu/files/bullet_blue_triangle.gif
Potential damage 6.35782877604e-05 for http://www.cs.odu.edu/files/bullet_blue_triangle.gif
Potential damage 6.35782877604e-05 for http://www.cs.odu.edu/files/bullet_blue_triangle.gif
Potential damage 6.35782877604e-05 for http://www.cs.odu.edu/files/bullet_blue_triangle.gif
Potential damage 6.35782877604e-05 for http://www.cs.odu.edu/files/bullet_blue_triangle.gif
Potential damage 6.35782877604e-05 for http://www.cs.odu.edu/files/bullet_blue_triangle.gif
Potential damage 6.35782877604e-05 for http://www.cs.odu.edu/files/bullet_blue_triangle.gif
Potential damage 6.35782877604e-05 for http://www.cs.odu.edu/files/bullet_blue_triangle.gif
Potential damage 6.35782877604e-05 for http://www.cs.odu.edu/files/bullet_blue_triangle.gif
Potential damage 6.35782877604e-05 for http://www.cs.odu.edu/files/bullet_blue_triangle.gif
Potential damage 6.35782877604e-05 for http://www.cs.odu.edu/files/bullet_blue_triangle.gif
Potential damage 6.35782877604e-05 for http://www.cs.odu.edu/files/bullet_blue_triangle.gif
Potential damage 6.35782877604e-05 for http://www.cs.odu.edu/files/bullet_blue_triangle.gif
Potential damage 6.35782877604e-05 for http://www.cs.odu.edu/files/bullet_blue_triangle.gif
Potential damage 6.35782877604e-05 for http://www.cs.odu.edu/files/bullet_blue_triangle.gif
Potential damage 6.35782877604e-05 for http://www.cs.odu.edu/files/bullet_blue_triangle.gif
Potential damage 6.35782877604e-05 for http://www.cs.odu.edu/files/bullet_blue_triangle.gif
Potential damage 6.35782877604e-05 for http://www.cs.odu.edu/files/bullet_blue_triangle.gif
Potential damage 6.35782877604e-05 for http://www.cs.odu.edu/files/bullet_blue_triangle.gif
Potential damage 6.35782877604e-05 for http://www.Terminated
Terminated
No handlers could be found for logger "tornado.application"
No handlers could be found for logger "tornado.application"
Terminated
Terminated
No handlers could be found for logger "tornado.application"
No handlers could be found for logger "tornado.application"
Terminated
Terminated
